282 INFO: PyInstaller: 6.21.0, contrib hooks: 2026.6
284 INFO: Python: 3.12.10
331 INFO: Platform: Windows-11-10.0.26200-SP0
331 INFO: Python environment: C:\Users\Burgboy\AppData\Local\Programs\Python\Python312
C:\Users\Burgboy\AppData\Local\Programs\Python\Python312\Lib\site-packages\pydub\utils.py:170: RuntimeWarning: Couldn't find ffmpeg or avconv - defaulting to ffmpeg, but may not work
  warn("Couldn't find ffmpeg or avconv - defaulting to ffmpeg, but may not work", RuntimeWarning)
22350 WARNING: collect_data_files - skipping data collection for module 'mojimoji' as it is not a package.
22354 WARNING: collect_dynamic_libs - skipping library collection for module 'mojimoji' as it is not a package.
C:\Users\Burgboy\AppData\Local\Programs\Python\Python312\Lib\site-packages\pydub\utils.py:170: RuntimeWarning: Couldn't find ffmpeg or avconv - defaulting to ffmpeg, but may not work
  warn("Couldn't find ffmpeg or avconv - defaulting to ffmpeg, but may not work", RuntimeWarning)
3231 WARNING: Failed to collect submodules for 'numpy.f2py.tests' because importing 'numpy.f2py.tests' raised: ModuleNotFoundError: No module named 'pytest'
1023 WARNING: Failed to collect submodules for 'onnxruntime.quantization' because importing 'onnxruntime.quantization' raised: ModuleNotFoundError: No module named 'onnx'
C:\Users\Burgboy\AppData\Local\Programs\Python\Python312\Lib\site-packages\pydub\utils.py:300: SyntaxWarning: invalid escape sequence '\('
  m = re.match('([su]([0-9]{1,2})p?) \(([0-9]{1,2}) bit\)$', token)
C:\Users\Burgboy\AppData\Local\Programs\Python\Python312\Lib\site-packages\pydub\utils.py:301: SyntaxWarning: invalid escape sequence '\('
  m2 = re.match('([su]([0-9]{1,2})p?)( \(default\))?$', token)
C:\Users\Burgboy\AppData\Local\Programs\Python\Python312\Lib\site-packages\pydub\utils.py:310: SyntaxWarning: invalid escape sequence '\('
  elif re.match('(flt)p?( \(default\))?$', token):
C:\Users\Burgboy\AppData\Local\Programs\Python\Python312\Lib\site-packages\pydub\utils.py:314: SyntaxWarning: invalid escape sequence '\('
  elif re.match('(dbl)p?( \(default\))?$', token):
335 WARNING: Failed to collect submodules for 'urllib3.contrib.emscripten' because importing 'urllib3.contrib.emscripten' raised: ModuleNotFoundError: No module named 'js'
129116 WARNING: collect_data_files - skipping data collection for module 'curl_cffi' as it is not a package.
129118 WARNING: collect_data_files - skipping data collection for module 'yt_dlp_ejs' as it is not a package.
153703 WARNING: Hidden import "pycparser.lextab" not found!
153704 WARNING: Hidden import "pycparser.yacctab" not found!
154090 WARNING: Hidden import "tzdata" not found!
160436 WARNING: Library cublas64_12.dll required via ctypes not found
C:\Users\Burgboy\AppData\Local\Programs\Python\Python312\Lib\site-packages\pydub\utils.py:170: RuntimeWarning: Couldn't find ffmpeg or avconv - defaulting to ffmpeg, but may not work
  warn("Couldn't find ffmpeg or avconv - defaulting to ffmpeg, but may not work", RuntimeWarning)
